{"/Users/asmaaasmaa/Desktop/.Kem_13conf/user-validation-plugin/src/config.ts": {"path":"/Users/asmaaasmaa/Desktop/.Kem_13conf/user-validation-plugin/src/config.ts","statementMap":{"0":{"start":{"line":6,"column":13},"end":{"line":16,"column":2}}},"fnMap":{},"branchMap":{},"s":{"0":2},"f":{},"b":{}}
,"/Users/asmaaasmaa/Desktop/.Kem_13conf/user-validation-plugin/src/index.ts": {"path":"/Users/asmaaasmaa/Desktop/.Kem_13conf/user-validation-plugin/src/index.ts","statementMap":{"0":{"start":{"line":2,"column":0},"end":{"line":2,"column":45}},"1":{"start":{"line":4,"column":0},"end":{"line":4,"column":43}},"2":{"start":{"line":5,"column":0},"end":{"line":5,"column":41}},"3":{"start":{"line":13,"column":32},"end":{"line":190,"column":1}},"4":{"start":{"line":18,"column":41},"end":{"line":21,"column":4}},"5":{"start":{"line":23,"column":2},"end":{"line":25,"column":5}},"6":{"start":{"line":28,"column":2},"end":{"line":30,"column":5}},"7":{"start":{"line":29,"column":4},"end":{"line":29,"column":37}},"8":{"start":{"line":32,"column":2},"end":{"line":34,"column":5}},"9":{"start":{"line":33,"column":4},"end":{"line":33,"column":37}},"10":{"start":{"line":36,"column":2},"end":{"line":38,"column":5}},"11":{"start":{"line":37,"column":4},"end":{"line":37,"column":40}},"12":{"start":{"line":40,"column":2},"end":{"line":42,"column":5}},"13":{"start":{"line":41,"column":4},"end":{"line":41,"column":39}},"14":{"start":{"line":45,"column":2},"end":{"line":50,"column":4}},"15":{"start":{"line":49,"column":4},"end":{"line":49,"column":76}},"16":{"start":{"line":49,"column":39},"end":{"line":49,"column":54}},"17":{"start":{"line":53,"column":2},"end":{"line":74,"column":4}},"18":{"start":{"line":58,"column":31},"end":{"line":58,"column":53}},"19":{"start":{"line":61,"column":26},"end":{"line":61,"column":76}},"20":{"start":{"line":61,"column":60},"end":{"line":61,"column":75}},"21":{"start":{"line":62,"column":4},"end":{"line":64,"column":5}},"22":{"start":{"line":63,"column":6},"end":{"line":63,"column":50}},"23":{"start":{"line":67,"column":26},"end":{"line":67,"column":57}},"24":{"start":{"line":68,"column":4},"end":{"line":68,"column":43}},"25":{"start":{"line":71,"column":4},"end":{"line":71,"column":42}},"26":{"start":{"line":73,"column":4},"end":{"line":73,"column":25}},"27":{"start":{"line":77,"column":2},"end":{"line":116,"column":4}},"28":{"start":{"line":82,"column":31},"end":{"line":82,"column":53}},"29":{"start":{"line":85,"column":23},"end":{"line":85,"column":68}},"30":{"start":{"line":85,"column":52},"end":{"line":85,"column":67}},"31":{"start":{"line":86,"column":4},"end":{"line":88,"column":5}},"32":{"start":{"line":87,"column":6},"end":{"line":87,"column":19}},"33":{"start":{"line":91,"column":4},"end":{"line":93,"column":5}},"34":{"start":{"line":92,"column":6},"end":{"line":92,"column":18}},"35":{"start":{"line":96,"column":4},"end":{"line":98,"column":5}},"36":{"start":{"line":97,"column":6},"end":{"line":97,"column":19}},"37":{"start":{"line":101,"column":4},"end":{"line":101,"column":26}},"38":{"start":{"line":102,"column":4},"end":{"line":102,"column":37}},"39":{"start":{"line":105,"column":4},"end":{"line":107,"column":5}},"40":{"start":{"line":106,"column":6},"end":{"line":106,"column":19}},"41":{"start":{"line":110,"column":20},"end":{"line":110,"column":44}},"42":{"start":{"line":111,"column":4},"end":{"line":113,"column":5}},"43":{"start":{"line":112,"column":6},"end":{"line":112,"column":34}},"44":{"start":{"line":115,"column":4},"end":{"line":115,"column":19}},"45":{"start":{"line":119,"column":2},"end":{"line":185,"column":5}},"46":{"start":{"line":121,"column":4},"end":{"line":123,"column":5}},"47":{"start":{"line":122,"column":6},"end":{"line":122,"column":20}},"48":{"start":{"line":126,"column":4},"end":{"line":182,"column":5}},"49":{"start":{"line":127,"column":33},"end":{"line":127,"column":55}},"50":{"start":{"line":128,"column":23},"end":{"line":128,"column":28}},"51":{"start":{"line":131,"column":6},"end":{"line":140,"column":7}},"52":{"start":{"line":132,"column":32},"end":{"line":132,"column":80}},"53":{"start":{"line":132,"column":61},"end":{"line":132,"column":79}},"54":{"start":{"line":133,"column":8},"end":{"line":139,"column":9}},"55":{"start":{"line":134,"column":10},"end":{"line":134,"column":78}},"56":{"start":{"line":135,"column":10},"end":{"line":135,"column":28}},"57":{"start":{"line":136,"column":15},"end":{"line":139,"column":9}},"58":{"start":{"line":137,"column":10},"end":{"line":137,"column":43}},"59":{"start":{"line":138,"column":10},"end":{"line":138,"column":28}},"60":{"start":{"line":143,"column":6},"end":{"line":152,"column":7}},"61":{"start":{"line":144,"column":32},"end":{"line":144,"column":80}},"62":{"start":{"line":144,"column":61},"end":{"line":144,"column":79}},"63":{"start":{"line":145,"column":8},"end":{"line":151,"column":9}},"64":{"start":{"line":146,"column":10},"end":{"line":146,"column":78}},"65":{"start":{"line":147,"column":10},"end":{"line":147,"column":28}},"66":{"start":{"line":148,"column":15},"end":{"line":151,"column":9}},"67":{"start":{"line":149,"column":10},"end":{"line":149,"column":43}},"68":{"start":{"line":150,"column":10},"end":{"line":150,"column":28}},"69":{"start":{"line":155,"column":6},"end":{"line":164,"column":7}},"70":{"start":{"line":156,"column":35},"end":{"line":156,"column":86}},"71":{"start":{"line":156,"column":64},"end":{"line":156,"column":85}},"72":{"start":{"line":157,"column":8},"end":{"line":163,"column":9}},"73":{"start":{"line":158,"column":10},"end":{"line":158,"column":81}},"74":{"start":{"line":159,"column":10},"end":{"line":159,"column":28}},"75":{"start":{"line":160,"column":15},"end":{"line":163,"column":9}},"76":{"start":{"line":161,"column":10},"end":{"line":161,"column":46}},"77":{"start":{"line":162,"column":10},"end":{"line":162,"column":28}},"78":{"start":{"line":167,"column":6},"end":{"line":176,"column":7}},"79":{"start":{"line":168,"column":34},"end":{"line":168,"column":84}},"80":{"start":{"line":168,"column":63},"end":{"line":168,"column":83}},"81":{"start":{"line":169,"column":8},"end":{"line":175,"column":9}},"82":{"start":{"line":170,"column":10},"end":{"line":170,"column":80}},"83":{"start":{"line":171,"column":10},"end":{"line":171,"column":28}},"84":{"start":{"line":172,"column":15},"end":{"line":175,"column":9}},"85":{"start":{"line":173,"column":10},"end":{"line":173,"column":45}},"86":{"start":{"line":174,"column":10},"end":{"line":174,"column":28}},"87":{"start":{"line":179,"column":6},"end":{"line":181,"column":7}},"88":{"start":{"line":180,"column":8},"end":{"line":180,"column":46}},"89":{"start":{"line":184,"column":4},"end":{"line":184,"column":11}},"90":{"start":{"line":188,"column":2},"end":{"line":188,"column":70}},"91":{"start":{"line":189,"column":2},"end":{"line":189,"column":70}},"92":{"start":{"line":13,"column":13},"end":{"line":13,"column":32}},"93":{"start":{"line":193,"column":0},"end":{"line":193,"column":24}},"94":{"start":{"line":194,"column":0},"end":{"line":194,"column":26}},"95":{"start":{"line":195,"column":0},"end":{"line":195,"column":24}},"96":{"start":{"line":196,"column":0},"end":{"line":196,"column":25}}},"fnMap":{"0":{"name":"(anonymous_4)","decl":{"start":{"line":13,"column":32},"end":{"line":13,"column":null}},"loc":{"start":{"line":16,"column":10},"end":{"line":190,"column":1}}},"1":{"name":"(anonymous_5)","decl":{"start":{"line":28,"column":40},"end":{"line":28,"column":null}},"loc":{"start":{"line":28,"column":40},"end":{"line":30,"column":3}}},"2":{"name":"(anonymous_6)","decl":{"start":{"line":32,"column":40},"end":{"line":32,"column":null}},"loc":{"start":{"line":32,"column":40},"end":{"line":34,"column":3}}},"3":{"name":"(anonymous_7)","decl":{"start":{"line":36,"column":43},"end":{"line":36,"column":null}},"loc":{"start":{"line":36,"column":43},"end":{"line":38,"column":3}}},"4":{"name":"(anonymous_8)","decl":{"start":{"line":40,"column":42},"end":{"line":40,"column":null}},"loc":{"start":{"line":40,"column":42},"end":{"line":42,"column":3}}},"5":{"name":"(anonymous_9)","decl":{"start":{"line":45,"column":31},"end":{"line":45,"column":null}},"loc":{"start":{"line":47,"column":24},"end":{"line":50,"column":3}}},"6":{"name":"(anonymous_10)","decl":{"start":{"line":49,"column":34},"end":{"line":49,"column":35}},"loc":{"start":{"line":49,"column":39},"end":{"line":49,"column":54}}},"7":{"name":"(anonymous_11)","decl":{"start":{"line":53,"column":43},"end":{"line":53,"column":null}},"loc":{"start":{"line":56,"column":31},"end":{"line":74,"column":3}}},"8":{"name":"(anonymous_12)","decl":{"start":{"line":61,"column":55},"end":{"line":61,"column":56}},"loc":{"start":{"line":61,"column":60},"end":{"line":61,"column":75}}},"9":{"name":"(anonymous_13)","decl":{"start":{"line":77,"column":32},"end":{"line":77,"column":null}},"loc":{"start":{"line":80,"column":16},"end":{"line":116,"column":3}}},"10":{"name":"(anonymous_14)","decl":{"start":{"line":85,"column":47},"end":{"line":85,"column":48}},"loc":{"start":{"line":85,"column":52},"end":{"line":85,"column":67}}},"11":{"name":"(anonymous_15)","decl":{"start":{"line":119,"column":21},"end":{"line":119,"column":50}},"loc":{"start":{"line":119,"column":54},"end":{"line":185,"column":3}}},"12":{"name":"(anonymous_16)","decl":{"start":{"line":132,"column":56},"end":{"line":132,"column":57}},"loc":{"start":{"line":132,"column":61},"end":{"line":132,"column":79}}},"13":{"name":"(anonymous_17)","decl":{"start":{"line":144,"column":56},"end":{"line":144,"column":57}},"loc":{"start":{"line":144,"column":61},"end":{"line":144,"column":79}}},"14":{"name":"(anonymous_18)","decl":{"start":{"line":156,"column":59},"end":{"line":156,"column":60}},"loc":{"start":{"line":156,"column":64},"end":{"line":156,"column":85}}},"15":{"name":"(anonymous_19)","decl":{"start":{"line":168,"column":58},"end":{"line":168,"column":59}},"loc":{"start":{"line":168,"column":63},"end":{"line":168,"column":83}}}},"branchMap":{"0":{"loc":{"start":{"line":15,"column":2},"end":{"line":15,"column":40}},"type":"default-arg","locations":[{"start":{"line":15,"column":38},"end":{"line":15,"column":40}}]},"1":{"loc":{"start":{"line":49,"column":11},"end":{"line":49,"column":75}},"type":"binary-expr","locations":[{"start":{"line":49,"column":11},"end":{"line":49,"column":66}},{"start":{"line":49,"column":70},"end":{"line":49,"column":75}}]},"2":{"loc":{"start":{"line":58,"column":31},"end":{"line":58,"column":53}},"type":"binary-expr","locations":[{"start":{"line":58,"column":31},"end":{"line":58,"column":47}},{"start":{"line":58,"column":51},"end":{"line":58,"column":53}}]},"3":{"loc":{"start":{"line":62,"column":4},"end":{"line":64,"column":5}},"type":"if","locations":[{"start":{"line":62,"column":4},"end":{"line":64,"column":5}}]},"4":{"loc":{"start":{"line":82,"column":31},"end":{"line":82,"column":53}},"type":"binary-expr","locations":[{"start":{"line":82,"column":31},"end":{"line":82,"column":47}},{"start":{"line":82,"column":51},"end":{"line":82,"column":53}}]},"5":{"loc":{"start":{"line":86,"column":4},"end":{"line":88,"column":5}},"type":"if","locations":[{"start":{"line":86,"column":4},"end":{"line":88,"column":5}}]},"6":{"loc":{"start":{"line":91,"column":4},"end":{"line":93,"column":5}},"type":"if","locations":[{"start":{"line":91,"column":4},"end":{"line":93,"column":5}}]},"7":{"loc":{"start":{"line":96,"column":4},"end":{"line":98,"column":5}},"type":"if","locations":[{"start":{"line":96,"column":4},"end":{"line":98,"column":5}}]},"8":{"loc":{"start":{"line":96,"column":8},"end":{"line":96,"column":65}},"type":"binary-expr","locations":[{"start":{"line":96,"column":8},"end":{"line":96,"column":28}},{"start":{"line":96,"column":32},"end":{"line":96,"column":65}}]},"9":{"loc":{"start":{"line":105,"column":4},"end":{"line":107,"column":5}},"type":"if","locations":[{"start":{"line":105,"column":4},"end":{"line":107,"column":5}}]},"10":{"loc":{"start":{"line":111,"column":4},"end":{"line":113,"column":5}},"type":"if","locations":[{"start":{"line":111,"column":4},"end":{"line":113,"column":5}}]},"11":{"loc":{"start":{"line":121,"column":4},"end":{"line":123,"column":5}},"type":"if","locations":[{"start":{"line":121,"column":4},"end":{"line":123,"column":5}}]},"12":{"loc":{"start":{"line":126,"column":4},"end":{"line":182,"column":5}},"type":"if","locations":[{"start":{"line":126,"column":4},"end":{"line":182,"column":5}}]},"13":{"loc":{"start":{"line":127,"column":33},"end":{"line":127,"column":55}},"type":"binary-expr","locations":[{"start":{"line":127,"column":33},"end":{"line":127,"column":49}},{"start":{"line":127,"column":53},"end":{"line":127,"column":55}}]},"14":{"loc":{"start":{"line":131,"column":6},"end":{"line":140,"column":7}},"type":"if","locations":[{"start":{"line":131,"column":6},"end":{"line":140,"column":7}}]},"15":{"loc":{"start":{"line":133,"column":8},"end":{"line":139,"column":9}},"type":"if","locations":[{"start":{"line":133,"column":8},"end":{"line":139,"column":9}},{"start":{"line":136,"column":15},"end":{"line":139,"column":9}}]},"16":{"loc":{"start":{"line":136,"column":15},"end":{"line":139,"column":9}},"type":"if","locations":[{"start":{"line":136,"column":15},"end":{"line":139,"column":9}}]},"17":{"loc":{"start":{"line":143,"column":6},"end":{"line":152,"column":7}},"type":"if","locations":[{"start":{"line":143,"column":6},"end":{"line":152,"column":7}}]},"18":{"loc":{"start":{"line":145,"column":8},"end":{"line":151,"column":9}},"type":"if","locations":[{"start":{"line":145,"column":8},"end":{"line":151,"column":9}},{"start":{"line":148,"column":15},"end":{"line":151,"column":9}}]},"19":{"loc":{"start":{"line":148,"column":15},"end":{"line":151,"column":9}},"type":"if","locations":[{"start":{"line":148,"column":15},"end":{"line":151,"column":9}}]},"20":{"loc":{"start":{"line":155,"column":6},"end":{"line":164,"column":7}},"type":"if","locations":[{"start":{"line":155,"column":6},"end":{"line":164,"column":7}}]},"21":{"loc":{"start":{"line":157,"column":8},"end":{"line":163,"column":9}},"type":"if","locations":[{"start":{"line":157,"column":8},"end":{"line":163,"column":9}},{"start":{"line":160,"column":15},"end":{"line":163,"column":9}}]},"22":{"loc":{"start":{"line":160,"column":15},"end":{"line":163,"column":9}},"type":"if","locations":[{"start":{"line":160,"column":15},"end":{"line":163,"column":9}}]},"23":{"loc":{"start":{"line":167,"column":6},"end":{"line":176,"column":7}},"type":"if","locations":[{"start":{"line":167,"column":6},"end":{"line":176,"column":7}}]},"24":{"loc":{"start":{"line":169,"column":8},"end":{"line":175,"column":9}},"type":"if","locations":[{"start":{"line":169,"column":8},"end":{"line":175,"column":9}},{"start":{"line":172,"column":15},"end":{"line":175,"column":9}}]},"25":{"loc":{"start":{"line":172,"column":15},"end":{"line":175,"column":9}},"type":"if","locations":[{"start":{"line":172,"column":15},"end":{"line":175,"column":9}}]},"26":{"loc":{"start":{"line":179,"column":6},"end":{"line":181,"column":7}},"type":"if","locations":[{"start":{"line":179,"column":6},"end":{"line":181,"column":7}}]}},"s":{"0":1,"1":1,"2":1,"3":1,"4":4,"5":4,"6":4,"7":0,"8":4,"9":0,"10":4,"11":0,"12":4,"13":0,"14":4,"15":2,"16":2,"17":4,"18":0,"19":0,"20":0,"21":0,"22":0,"23":0,"24":0,"25":0,"26":0,"27":4,"28":0,"29":0,"30":0,"31":0,"32":0,"33":0,"34":0,"35":0,"36":0,"37":0,"38":0,"39":0,"40":0,"41":0,"42":0,"43":0,"44":0,"45":4,"46":0,"47":0,"48":0,"49":0,"50":0,"51":0,"52":0,"53":0,"54":0,"55":0,"56":0,"57":0,"58":0,"59":0,"60":0,"61":0,"62":0,"63":0,"64":0,"65":0,"66":0,"67":0,"68":0,"69":0,"70":0,"71":0,"72":0,"73":0,"74":0,"75":0,"76":0,"77":0,"78":0,"79":0,"80":0,"81":0,"82":0,"83":0,"84":0,"85":0,"86":0,"87":0,"88":0,"89":0,"90":4,"91":4,"92":1,"93":1,"94":1,"95":1,"96":1},"f":{"0":4,"1":0,"2":0,"3":0,"4":0,"5":2,"6":2,"7":0,"8":0,"9":0,"10":0,"11":0,"12":0,"13":0,"14":0,"15":0},"b":{"0":[3],"1":[2,1],"2":[0,0],"3":[0],"4":[0,0],"5":[0],"6":[0],"7":[0],"8":[0,0],"9":[0],"10":[0],"11":[0],"12":[0],"13":[0,0],"14":[0],"15":[0,0],"16":[0],"17":[0],"18":[0,0],"19":[0],"20":[0],"21":[0,0],"22":[0],"23":[0],"24":[0,0],"25":[0],"26":[0]}}
,"/Users/asmaaasmaa/Desktop/.Kem_13conf/user-validation-plugin/src/schemas.ts": {"path":"/Users/asmaaasmaa/Desktop/.Kem_13conf/user-validation-plugin/src/schemas.ts","statementMap":{"0":{"start":{"line":1,"column":0},"end":{"line":1,"column":34}},"1":{"start":{"line":6,"column":13},"end":{"line":16,"column":2}}},"fnMap":{},"branchMap":{},"s":{"0":1,"1":1},"f":{},"b":{}}
,"/Users/asmaaasmaa/Desktop/.Kem_13conf/user-validation-plugin/src/utils.ts": {"path":"/Users/asmaaasmaa/Desktop/.Kem_13conf/user-validation-plugin/src/utils.ts","statementMap":{"0":{"start":{"line":2,"column":0},"end":{"line":2,"column":41}},"1":{"start":{"line":10,"column":38},"end":{"line":16,"column":1}},"2":{"start":{"line":11,"column":13},"end":{"line":11,"column":15}},"3":{"start":{"line":12,"column":2},"end":{"line":14,"column":3}},"4":{"start":{"line":12,"column":15},"end":{"line":12,"column":16}},"5":{"start":{"line":13,"column":4},"end":{"line":13,"column":54}},"6":{"start":{"line":15,"column":2},"end":{"line":15,"column":14}},"7":{"start":{"line":10,"column":13},"end":{"line":10,"column":38}},"8":{"start":{"line":24,"column":31},"end":{"line":27,"column":1}},"9":{"start":{"line":25,"column":14},"end":{"line":25,"column":24}},"10":{"start":{"line":26,"column":2},"end":{"line":26,"column":54}},"11":{"start":{"line":24,"column":13},"end":{"line":24,"column":31}},"12":{"start":{"line":37,"column":32},"end":{"line":54,"column":1}},"13":{"start":{"line":42,"column":21},"end":{"line":42,"column":77}},"14":{"start":{"line":43,"column":20},"end":{"line":43,"column":70}},"15":{"start":{"line":45,"column":2},"end":{"line":53,"column":4}},"16":{"start":{"line":37,"column":13},"end":{"line":37,"column":32}}},"fnMap":{"0":{"name":"(anonymous_0)","decl":{"start":{"line":10,"column":38},"end":{"line":10,"column":39}},"loc":{"start":{"line":10,"column":101},"end":{"line":16,"column":1}}},"1":{"name":"(anonymous_1)","decl":{"start":{"line":24,"column":31},"end":{"line":24,"column":32}},"loc":{"start":{"line":24,"column":90},"end":{"line":27,"column":1}}},"2":{"name":"(anonymous_2)","decl":{"start":{"line":37,"column":32},"end":{"line":37,"column":null}},"loc":{"start":{"line":41,"column":16},"end":{"line":54,"column":1}}}},"branchMap":{"0":{"loc":{"start":{"line":10,"column":39},"end":{"line":10,"column":89}},"type":"default-arg","locations":[{"start":{"line":10,"column":56},"end":{"line":10,"column":89}}]},"1":{"loc":{"start":{"line":24,"column":32},"end":{"line":24,"column":80}},"type":"default-arg","locations":[{"start":{"line":24,"column":52},"end":{"line":24,"column":80}}]},"2":{"loc":{"start":{"line":40,"column":2},"end":{"line":40,"column":28}},"type":"default-arg","locations":[{"start":{"line":40,"column":23},"end":{"line":40,"column":28}}]},"3":{"loc":{"start":{"line":42,"column":21},"end":{"line":42,"column":77}},"type":"binary-expr","locations":[{"start":{"line":42,"column":21},"end":{"line":42,"column":40}},{"start":{"line":42,"column":44},"end":{"line":42,"column":77}}]},"4":{"loc":{"start":{"line":43,"column":20},"end":{"line":43,"column":70}},"type":"binary-expr","locations":[{"start":{"line":43,"column":20},"end":{"line":43,"column":38}},{"start":{"line":43,"column":42},"end":{"line":43,"column":70}}]},"5":{"loc":{"start":{"line":49,"column":10},"end":{"line":49,"column":61}},"type":"cond-expr","locations":[{"start":{"line":49,"column":22},"end":{"line":49,"column":24}},{"start":{"line":49,"column":27},"end":{"line":49,"column":61}}]},"6":{"loc":{"start":{"line":52,"column":15},"end":{"line":52,"column":65}},"type":"cond-expr","locations":[{"start":{"line":52,"column":27},"end":{"line":52,"column":36}},{"start":{"line":52,"column":39},"end":{"line":52,"column":65}}]}},"s":{"0":2,"1":2,"2":4,"3":4,"4":4,"5":24,"6":4,"7":2,"8":2,"9":4,"10":4,"11":2,"12":2,"13":3,"14":3,"15":3,"16":2},"f":{"0":4,"1":4,"2":3},"b":{"0":[1],"1":[1],"2":[2],"3":[3,2],"4":[3,2],"5":[1,2],"6":[1,2]}}
}
