TN:
SF:src/config.ts
FNF:0
FNH:0
DA:6,2
LF:1
LH:1
BRF:0
BRH:0
end_of_record
TN:
SF:src/index.ts
FN:13,(anonymous_4)
FN:28,(anonymous_5)
FN:32,(anonymous_6)
FN:36,(anonymous_7)
FN:40,(anonymous_8)
FN:45,(anonymous_9)
FN:49,(anonymous_10)
FN:53,(anonymous_11)
FN:61,(anonymous_12)
FN:77,(anonymous_13)
FN:85,(anonymous_14)
FN:119,(anonymous_15)
FN:132,(anonymous_16)
FN:144,(anonymous_17)
FN:156,(anonymous_18)
FN:168,(anonymous_19)
FNF:16
FNH:3
FNDA:4,(anonymous_4)
FNDA:0,(anonymous_5)
FNDA:0,(anonymous_6)
FNDA:0,(anonymous_7)
FNDA:0,(anonymous_8)
FNDA:2,(anonymous_9)
FNDA:2,(anonymous_10)
FNDA:0,(anonymous_11)
FNDA:0,(anonymous_12)
FNDA:0,(anonymous_13)
FNDA:0,(anonymous_14)
FNDA:0,(anonymous_15)
FNDA:0,(anonymous_16)
FNDA:0,(anonymous_17)
FNDA:0,(anonymous_18)
FNDA:0,(anonymous_19)
DA:2,1
DA:4,1
DA:5,1
DA:13,1
DA:18,4
DA:23,4
DA:28,4
DA:29,0
DA:32,4
DA:33,0
DA:36,4
DA:37,0
DA:40,4
DA:41,0
DA:45,4
DA:49,2
DA:53,4
DA:58,0
DA:61,0
DA:62,0
DA:63,0
DA:67,0
DA:68,0
DA:71,0
DA:73,0
DA:77,4
DA:82,0
DA:85,0
DA:86,0
DA:87,0
DA:91,0
DA:92,0
DA:96,0
DA:97,0
DA:101,0
DA:102,0
DA:105,0
DA:106,0
DA:110,0
DA:111,0
DA:112,0
DA:115,0
DA:119,4
DA:121,0
DA:122,0
DA:126,0
DA:127,0
DA:128,0
DA:131,0
DA:132,0
DA:133,0
DA:134,0
DA:135,0
DA:136,0
DA:137,0
DA:138,0
DA:143,0
DA:144,0
DA:145,0
DA:146,0
DA:147,0
DA:148,0
DA:149,0
DA:150,0
DA:155,0
DA:156,0
DA:157,0
DA:158,0
DA:159,0
DA:160,0
DA:161,0
DA:162,0
DA:167,0
DA:168,0
DA:169,0
DA:170,0
DA:171,0
DA:172,0
DA:173,0
DA:174,0
DA:179,0
DA:180,0
DA:184,0
DA:188,4
DA:189,4
DA:193,1
DA:194,1
DA:195,1
DA:196,1
LF:89
LH:21
BRDA:15,0,0,3
BRDA:49,1,0,2
BRDA:49,1,1,1
BRDA:58,2,0,0
BRDA:58,2,1,0
BRDA:62,3,0,0
BRDA:82,4,0,0
BRDA:82,4,1,0
BRDA:86,5,0,0
BRDA:91,6,0,0
BRDA:96,7,0,0
BRDA:96,8,0,0
BRDA:96,8,1,0
BRDA:105,9,0,0
BRDA:111,10,0,0
BRDA:121,11,0,0
BRDA:126,12,0,0
BRDA:127,13,0,0
BRDA:127,13,1,0
BRDA:131,14,0,0
BRDA:133,15,0,0
BRDA:133,15,1,0
BRDA:136,16,0,0
BRDA:143,17,0,0
BRDA:145,18,0,0
BRDA:145,18,1,0
BRDA:148,19,0,0
BRDA:155,20,0,0
BRDA:157,21,0,0
BRDA:157,21,1,0
BRDA:160,22,0,0
BRDA:167,23,0,0
BRDA:169,24,0,0
BRDA:169,24,1,0
BRDA:172,25,0,0
BRDA:179,26,0,0
BRF:36
BRH:3
end_of_record
TN:
SF:src/schemas.ts
FNF:0
FNH:0
DA:1,1
DA:6,1
LF:2
LH:2
BRF:0
BRH:0
end_of_record
TN:
SF:src/utils.ts
FN:10,(anonymous_0)
FN:24,(anonymous_1)
FN:37,(anonymous_2)
FNF:3
FNH:3
FNDA:4,(anonymous_0)
FNDA:4,(anonymous_1)
FNDA:3,(anonymous_2)
DA:2,2
DA:10,2
DA:11,4
DA:12,4
DA:13,24
DA:15,4
DA:24,2
DA:25,4
DA:26,4
DA:37,2
DA:42,3
DA:43,3
DA:45,3
LF:13
LH:13
BRDA:10,0,0,1
BRDA:24,1,0,1
BRDA:40,2,0,2
BRDA:42,3,0,3
BRDA:42,3,1,2
BRDA:43,4,0,3
BRDA:43,4,1,2
BRDA:49,5,0,1
BRDA:49,5,1,2
BRDA:52,6,0,1
BRDA:52,6,1,2
BRF:11
BRH:11
end_of_record
